----------------------------------------
Timestamp: 10/19/2017 2:42:23 AM

Message: Identity Server: NoSignInCookie

Category: Authentication

Priority: -1

EventId: 1

Severity: Information

Title:

Machine: WIN-AC96LSD15K3

App Domain: /LM/W3SVC/8/ROOT-1-131528531725073417

ProcessId: 840

Process Name: c:\windows\system32\inetsrv\w3wp.exe

Thread Name: 

Win32 ThreadId:2860

Extended Properties: 
----------------------------------------
----------------------------------------
Timestamp: 10/19/2017 3:50:08 AM

Message: User login failed with exception: IDX10311: RequireNonce is 'true' (default) but validationContext.Nonce is null. A nonce cannot be validated. If you don't need to check the nonce, set OpenIdConnectProtocolValidator.RequireNonce to 'false'.

Category: Authentication

Priority: -1

EventId: 1

Severity: Information

Title:

Machine: WIN-AC96LSD15K3

App Domain: /LM/W3SVC/8/ROOT-2-131528583146635890

ProcessId: 1476

Process Name: c:\windows\system32\inetsrv\w3wp.exe

Thread Name: 

Win32 ThreadId:3224

Extended Properties: 
----------------------------------------
